0 info it worked if it ends with ok
1 verbose cli [ 'C:\\Program Files\\nodejs\\node.exe',
1 verbose cli   'C:\\Program Files\\nodejs\\node_modules\\npm\\bin\\npm-cli.js',
1 verbose cli   'install',
1 verbose cli   'web3@0.20.1' ]
2 info using npm@3.10.9
3 info using node@v7.1.0
4 silly loadCurrentTree Starting
5 silly install loadCurrentTree
6 silly install readLocalPackageData
7 silly fetchPackageMetaData web3@0.20.1
8 silly fetchNamedPackageData web3
9 silly mapToRegistry name web3
10 silly mapToRegistry using default registry
11 silly mapToRegistry registry https://registry.npmjs.org/
12 silly mapToRegistry data Result {
12 silly mapToRegistry   raw: 'web3',
12 silly mapToRegistry   scope: null,
12 silly mapToRegistry   escapedName: 'web3',
12 silly mapToRegistry   name: 'web3',
12 silly mapToRegistry   rawSpec: '',
12 silly mapToRegistry   spec: 'latest',
12 silly mapToRegistry   type: 'tag' }
13 silly mapToRegistry uri https://registry.npmjs.org/web3
14 verbose request uri https://registry.npmjs.org/web3
15 verbose request no auth needed
16 info attempt registry request try #1 at 11:38:49 PM
17 verbose request id e3271fefd23cd31c
18 verbose etag W/"5a0ad24b-2993e"
19 verbose lastModified Tue, 14 Nov 2017 11:23:55 GMT
20 http request GET https://registry.npmjs.org/web3
21 http 304 https://registry.npmjs.org/web3
22 verbose headers { date: 'Sun, 26 Nov 2017 18:08:42 GMT',
22 verbose headers   via: '1.1 varnish',
22 verbose headers   'cache-control': 'max-age=300',
22 verbose headers   etag: 'W/"5a0ad24b-2993e"',
22 verbose headers   age: '226',
22 verbose headers   connection: 'keep-alive',
22 verbose headers   'x-served-by': 'cache-sin18024-SIN',
22 verbose headers   'x-cache': 'HIT',
22 verbose headers   'x-cache-hits': '1',
22 verbose headers   'x-timer': 'S1511719723.917554,VS0,VE0',
22 verbose headers   vary: 'Accept-Encoding, Accept' }
23 silly get cb [ 304,
23 silly get   { date: 'Sun, 26 Nov 2017 18:08:42 GMT',
23 silly get     via: '1.1 varnish',
23 silly get     'cache-control': 'max-age=300',
23 silly get     etag: 'W/"5a0ad24b-2993e"',
23 silly get     age: '226',
23 silly get     connection: 'keep-alive',
23 silly get     'x-served-by': 'cache-sin18024-SIN',
23 silly get     'x-cache': 'HIT',
23 silly get     'x-cache-hits': '1',
23 silly get     'x-timer': 'S1511719723.917554,VS0,VE0',
23 silly get     vary: 'Accept-Encoding, Accept' } ]
24 verbose etag https://registry.npmjs.org/web3 from cache
25 verbose get saving web3 to C:\Users\user\AppData\Roaming\npm-cache\registry.npmjs.org\web3\.cache.json
26 verbose correctMkdir C:\Users\user\AppData\Roaming\npm-cache correctMkdir not in flight; initializing
27 silly install normalizeTree
28 silly loadCurrentTree Finishing
29 silly loadIdealTree Starting
30 silly install loadIdealTree
31 silly cloneCurrentTree Starting
32 silly install cloneCurrentTreeToIdealTree
33 silly cloneCurrentTree Finishing
34 silly loadShrinkwrap Starting
35 silly install loadShrinkwrap
36 silly loadShrinkwrap Finishing
37 silly loadAllDepsIntoIdealTree Starting
38 silly install loadAllDepsIntoIdealTree
39 silly resolveWithNewModule web3@0.20.1 checking installable status
40 silly cache add args [ 'web3@0.20.1', null ]
41 verbose cache add spec web3@0.20.1
42 silly cache add parsed spec Result {
42 silly cache add   raw: 'web3@0.20.1',
42 silly cache add   scope: null,
42 silly cache add   escapedName: 'web3',
42 silly cache add   name: 'web3',
42 silly cache add   rawSpec: '0.20.1',
42 silly cache add   spec: '0.20.1',
42 silly cache add   type: 'version' }
43 silly addNamed web3@0.20.1
44 verbose addNamed "0.20.1" is a plain semver version for web3
45 silly mapToRegistry name web3
46 silly mapToRegistry using default registry
47 silly mapToRegistry registry https://registry.npmjs.org/
48 silly mapToRegistry data Result {
48 silly mapToRegistry   raw: 'web3',
48 silly mapToRegistry   scope: null,
48 silly mapToRegistry   escapedName: 'web3',
48 silly mapToRegistry   name: 'web3',
48 silly mapToRegistry   rawSpec: '',
48 silly mapToRegistry   spec: 'latest',
48 silly mapToRegistry   type: 'tag' }
49 silly mapToRegistry uri https://registry.npmjs.org/web3
50 verbose addNameVersion registry:https://registry.npmjs.org/web3 not in flight; fetching
51 verbose get https://registry.npmjs.org/web3 not expired, no request
52 silly cache afterAdd web3@0.20.1
53 verbose afterAdd C:\Users\user\AppData\Roaming\npm-cache\web3\0.20.1\package\package.json not in flight; writing
54 verbose correctMkdir C:\Users\user\AppData\Roaming\npm-cache correctMkdir not in flight; initializing
55 verbose afterAdd C:\Users\user\AppData\Roaming\npm-cache\web3\0.20.1\package\package.json written
56 silly fetchNamedPackageData crypto-js
57 silly mapToRegistry name crypto-js
58 silly mapToRegistry using default registry
59 silly mapToRegistry registry https://registry.npmjs.org/
60 silly mapToRegistry data Result {
60 silly mapToRegistry   raw: 'crypto-js',
60 silly mapToRegistry   scope: null,
60 silly mapToRegistry   escapedName: 'crypto-js',
60 silly mapToRegistry   name: 'crypto-js',
60 silly mapToRegistry   rawSpec: '',
60 silly mapToRegistry   spec: 'latest',
60 silly mapToRegistry   type: 'tag' }
61 silly mapToRegistry uri https://registry.npmjs.org/crypto-js
62 silly fetchNamedPackageData utf8
63 silly mapToRegistry name utf8
64 silly mapToRegistry using default registry
65 silly mapToRegistry registry https://registry.npmjs.org/
66 silly mapToRegistry data Result {
66 silly mapToRegistry   raw: 'utf8',
66 silly mapToRegistry   scope: null,
66 silly mapToRegistry   escapedName: 'utf8',
66 silly mapToRegistry   name: 'utf8',
66 silly mapToRegistry   rawSpec: '',
66 silly mapToRegistry   spec: 'latest',
66 silly mapToRegistry   type: 'tag' }
67 silly mapToRegistry uri https://registry.npmjs.org/utf8
68 silly fetchNamedPackageData xhr2
69 silly mapToRegistry name xhr2
70 silly mapToRegistry using default registry
71 silly mapToRegistry registry https://registry.npmjs.org/
72 silly mapToRegistry data Result {
72 silly mapToRegistry   raw: 'xhr2',
72 silly mapToRegistry   scope: null,
72 silly mapToRegistry   escapedName: 'xhr2',
72 silly mapToRegistry   name: 'xhr2',
72 silly mapToRegistry   rawSpec: '',
72 silly mapToRegistry   spec: 'latest',
72 silly mapToRegistry   type: 'tag' }
73 silly mapToRegistry uri https://registry.npmjs.org/xhr2
74 silly fetchNamedPackageData xmlhttprequest
75 silly mapToRegistry name xmlhttprequest
76 silly mapToRegistry using default registry
77 silly mapToRegistry registry https://registry.npmjs.org/
78 silly mapToRegistry data Result {
78 silly mapToRegistry   raw: 'xmlhttprequest',
78 silly mapToRegistry   scope: null,
78 silly mapToRegistry   escapedName: 'xmlhttprequest',
78 silly mapToRegistry   name: 'xmlhttprequest',
78 silly mapToRegistry   rawSpec: '',
78 silly mapToRegistry   spec: 'latest',
78 silly mapToRegistry   type: 'tag' }
79 silly mapToRegistry uri https://registry.npmjs.org/xmlhttprequest
80 silly fetchOtherPackageData bignumber.js@git+https://github.com/frozeman/bignumber.js-nolookahead.git
81 silly cache add args [ 'bignumber.js@git+https://github.com/frozeman/bignumber.js-nolookahead.git',
81 silly cache add   null ]
82 verbose cache add spec bignumber.js@git+https://github.com/frozeman/bignumber.js-nolookahead.git
83 silly cache add parsed spec Result {
83 silly cache add   raw: 'bignumber.js@git+https://github.com/frozeman/bignumber.js-nolookahead.git',
83 silly cache add   scope: null,
83 silly cache add   escapedName: 'bignumber.js',
83 silly cache add   name: 'bignumber.js',
83 silly cache add   rawSpec: 'git+https://github.com/frozeman/bignumber.js-nolookahead.git',
83 silly cache add   spec: 'git+https://github.com/frozeman/bignumber.js-nolookahead.git',
83 silly cache add   type: 'hosted',
83 silly cache add   hosted:
83 silly cache add    { type: 'github',
83 silly cache add      ssh: 'git@github.com:frozeman/bignumber.js-nolookahead.git',
83 silly cache add      sshUrl: 'git+ssh://git@github.com/frozeman/bignumber.js-nolookahead.git',
83 silly cache add      httpsUrl: 'git+https://github.com/frozeman/bignumber.js-nolookahead.git',
83 silly cache add      gitUrl: 'git://github.com/frozeman/bignumber.js-nolookahead.git',
83 silly cache add      shortcut: 'github:frozeman/bignumber.js-nolookahead',
83 silly cache add      directUrl: 'https://raw.githubusercontent.com/frozeman/bignumber.js-nolookahead/master/package.json' } }
84 verbose addRemoteGit caching git+https://github.com/frozeman/bignumber.js-nolookahead.git
85 verbose addRemoteGit git+https://github.com/frozeman/bignumber.js-nolookahead.git is a repository hosted by github
86 silly tryClone cloning git+https://github.com/frozeman/bignumber.js-nolookahead.git via git+https://github.com/frozeman/bignumber.js-nolookahead.git
87 verbose tryClone git-https-github-com-frozeman-bignumber-js-nolookahead-git-18eea52a not in flight; caching
88 verbose correctMkdir C:\Users\user\AppData\Roaming\npm-cache\_git-remotes correctMkdir not in flight; initializing
89 verbose request uri https://registry.npmjs.org/utf8
90 verbose request no auth needed
91 info attempt registry request try #1 at 11:38:52 PM
92 verbose etag W/"59fff818-2b9e"
93 verbose lastModified Mon, 06 Nov 2017 05:50:16 GMT
94 http request GET https://registry.npmjs.org/utf8
95 verbose request uri https://registry.npmjs.org/crypto-js
96 verbose request no auth needed
97 info attempt registry request try #1 at 11:38:52 PM
98 verbose etag W/"5a0fff8a-5699"
99 verbose lastModified Sat, 18 Nov 2017 09:38:18 GMT
100 http request GET https://registry.npmjs.org/crypto-js
101 verbose request uri https://registry.npmjs.org/xhr2
102 verbose request no auth needed
103 info attempt registry request try #1 at 11:38:52 PM
104 verbose etag W/"59eb664e-5409"
105 verbose lastModified Sat, 21 Oct 2017 15:22:54 GMT
106 http request GET https://registry.npmjs.org/xhr2
107 verbose request uri https://registry.npmjs.org/xmlhttprequest
108 verbose request no auth needed
109 info attempt registry request try #1 at 11:38:52 PM
110 verbose etag W/"59f5bdfb-30d3"
111 verbose lastModified Sun, 29 Oct 2017 11:39:39 GMT
112 http request GET https://registry.npmjs.org/xmlhttprequest
113 warn addRemoteGit Error: not found: git
113 warn addRemoteGit     at getNotFoundError (C:\Program Files\nodejs\node_modules\npm\node_modules\which\which.js:14:12)
113 warn addRemoteGit     at F (C:\Program Files\nodejs\node_modules\npm\node_modules\which\which.js:69:19)
113 warn addRemoteGit     at E (C:\Program Files\nodejs\node_modules\npm\node_modules\which\which.js:81:29)
113 warn addRemoteGit     at C:\Program Files\nodejs\node_modules\npm\node_modules\which\which.js:90:16
113 warn addRemoteGit     at C:\Program Files\nodejs\node_modules\npm\node_modules\which\node_modules\isexe\index.js:44:5
113 warn addRemoteGit     at C:\Program Files\nodejs\node_modules\npm\node_modules\which\node_modules\isexe\windows.js:29:5
113 warn addRemoteGit     at C:\Program Files\nodejs\node_modules\npm\node_modules\graceful-fs\polyfills.js:264:29
113 warn addRemoteGit     at FSReqWrap.oncomplete (fs.js:111:15)
113 warn addRemoteGit  git+https://github.com/frozeman/bignumber.js-nolookahead.git resetting remote C:\Users\user\AppData\Roaming\npm-cache\_git-remotes\git-https-github-com-frozeman-bignumber-js-nolookahead-git-18eea52a because of error: { Error: not found: git
113 warn addRemoteGit     at getNotFoundError (C:\Program Files\nodejs\node_modules\npm\node_modules\which\which.js:14:12)
113 warn addRemoteGit     at F (C:\Program Files\nodejs\node_modules\npm\node_modules\which\which.js:69:19)
113 warn addRemoteGit     at E (C:\Program Files\nodejs\node_modules\npm\node_modules\which\which.js:81:29)
113 warn addRemoteGit     at C:\Program Files\nodejs\node_modules\npm\node_modules\which\which.js:90:16
113 warn addRemoteGit     at C:\Program Files\nodejs\node_modules\npm\node_modules\which\node_modules\isexe\index.js:44:5
113 warn addRemoteGit     at C:\Program Files\nodejs\node_modules\npm\node_modules\which\node_modules\isexe\windows.js:29:5
113 warn addRemoteGit     at C:\Program Files\nodejs\node_modules\npm\node_modules\graceful-fs\polyfills.js:264:29
113 warn addRemoteGit     at FSReqWrap.oncomplete (fs.js:111:15) code: 'ENOGIT' }
114 info resetRemote resetting C:\Users\user\AppData\Roaming\npm-cache\_git-remotes\git-https-github-com-frozeman-bignumber-js-nolookahead-git-18eea52a for git+https://github.com/frozeman/bignumber.js-nolookahead.git
115 silly gentlyRm C:\Users\user\AppData\Roaming\npm-cache\_git-remotes\git-https-github-com-frozeman-bignumber-js-nolookahead-git-18eea52a is being purged
116 verbose gentlyRm don't care about contents; nuking C:\Users\user\AppData\Roaming\npm-cache\_git-remotes\git-https-github-com-frozeman-bignumber-js-nolookahead-git-18eea52a
117 silly vacuum-fs purging C:\Users\user\AppData\Roaming\npm-cache\_git-remotes\git-https-github-com-frozeman-bignumber-js-nolookahead-git-18eea52a
118 silly vacuum-fs quitting because other entries in C:\Users\user\AppData\Roaming\npm-cache\_git-remotes
119 error git clone --template=C:\Users\user\AppData\Roaming\npm-cache\_git-remotes\_templates --mirror https://github.com/frozeman/bignumber.js-nolookahead.git C:\Users\user\AppData\Roaming\npm-cache\_git-remotes\git-https-github-com-frozeman-bignumber-js-nolookahead-git-18eea52a: undefined
119 error git clone --template=C:\Users\user\AppData\Roaming\npm-cache\_git-remotes\_templates --mirror https://github.com/frozeman/bignumber.js-nolookahead.git C:\Users\user\AppData\Roaming\npm-cache\_git-remotes\git-https-github-com-frozeman-bignumber-js-nolookahead-git-18eea52a: undefined
120 silly fetchPackageMetaData Error: not found: git
120 silly fetchPackageMetaData     at getNotFoundError (C:\Program Files\nodejs\node_modules\npm\node_modules\which\which.js:14:12)
120 silly fetchPackageMetaData     at F (C:\Program Files\nodejs\node_modules\npm\node_modules\which\which.js:69:19)
120 silly fetchPackageMetaData     at E (C:\Program Files\nodejs\node_modules\npm\node_modules\which\which.js:81:29)
120 silly fetchPackageMetaData     at C:\Program Files\nodejs\node_modules\npm\node_modules\which\which.js:90:16
120 silly fetchPackageMetaData     at C:\Program Files\nodejs\node_modules\npm\node_modules\which\node_modules\isexe\index.js:44:5
120 silly fetchPackageMetaData     at C:\Program Files\nodejs\node_modules\npm\node_modules\which\node_modules\isexe\windows.js:29:5
120 silly fetchPackageMetaData     at C:\Program Files\nodejs\node_modules\npm\node_modules\graceful-fs\polyfills.js:264:29
120 silly fetchPackageMetaData     at FSReqWrap.oncomplete (fs.js:111:15)
120 silly fetchPackageMetaData  error for bignumber.js@git+https://github.com/frozeman/bignumber.js-nolookahead.git { Error: not found: git
120 silly fetchPackageMetaData     at getNotFoundError (C:\Program Files\nodejs\node_modules\npm\node_modules\which\which.js:14:12)
120 silly fetchPackageMetaData     at F (C:\Program Files\nodejs\node_modules\npm\node_modules\which\which.js:69:19)
120 silly fetchPackageMetaData     at E (C:\Program Files\nodejs\node_modules\npm\node_modules\which\which.js:81:29)
120 silly fetchPackageMetaData     at C:\Program Files\nodejs\node_modules\npm\node_modules\which\which.js:90:16
120 silly fetchPackageMetaData     at C:\Program Files\nodejs\node_modules\npm\node_modules\which\node_modules\isexe\index.js:44:5
120 silly fetchPackageMetaData     at C:\Program Files\nodejs\node_modules\npm\node_modules\which\node_modules\isexe\windows.js:29:5
120 silly fetchPackageMetaData     at C:\Program Files\nodejs\node_modules\npm\node_modules\graceful-fs\polyfills.js:264:29
120 silly fetchPackageMetaData     at FSReqWrap.oncomplete (fs.js:111:15) code: 'ENOGIT' }
121 http 304 https://registry.npmjs.org/utf8
122 verbose headers { date: 'Sun, 26 Nov 2017 18:08:43 GMT',
122 verbose headers   via: '1.1 varnish',
122 verbose headers   'cache-control': 'max-age=300',
122 verbose headers   etag: 'W/"59fff818-2b9e"',
122 verbose headers   age: '0',
122 verbose headers   connection: 'keep-alive',
122 verbose headers   'x-served-by': 'cache-sin18024-SIN',
122 verbose headers   'x-cache': 'HIT',
122 verbose headers   'x-cache-hits': '1',
122 verbose headers   'x-timer': 'S1511719723.410342,VS0,VE146',
122 verbose headers   vary: 'Accept-Encoding, Accept' }
123 silly get cb [ 304,
123 silly get   { date: 'Sun, 26 Nov 2017 18:08:43 GMT',
123 silly get     via: '1.1 varnish',
123 silly get     'cache-control': 'max-age=300',
123 silly get     etag: 'W/"59fff818-2b9e"',
123 silly get     age: '0',
123 silly get     connection: 'keep-alive',
123 silly get     'x-served-by': 'cache-sin18024-SIN',
123 silly get     'x-cache': 'HIT',
123 silly get     'x-cache-hits': '1',
123 silly get     'x-timer': 'S1511719723.410342,VS0,VE146',
123 silly get     vary: 'Accept-Encoding, Accept' } ]
124 verbose etag https://registry.npmjs.org/utf8 from cache
125 verbose get saving utf8 to C:\Users\user\AppData\Roaming\npm-cache\registry.npmjs.org\utf8\.cache.json
126 verbose correctMkdir C:\Users\user\AppData\Roaming\npm-cache correctMkdir not in flight; initializing
127 silly resolveWithNewModule utf8@2.1.2 checking installable status
128 silly cache add args [ 'utf8@^2.1.1', null ]
129 verbose cache add spec utf8@^2.1.1
130 silly cache add parsed spec Result {
130 silly cache add   raw: 'utf8@^2.1.1',
130 silly cache add   scope: null,
130 silly cache add   escapedName: 'utf8',
130 silly cache add   name: 'utf8',
130 silly cache add   rawSpec: '^2.1.1',
130 silly cache add   spec: '>=2.1.1 <3.0.0',
130 silly cache add   type: 'range' }
131 silly addNamed utf8@>=2.1.1 <3.0.0
132 verbose addNamed ">=2.1.1 <3.0.0" is a valid semver range for utf8
133 silly addNameRange { name: 'utf8', range: '>=2.1.1 <3.0.0', hasData: false }
134 silly mapToRegistry name utf8
135 silly mapToRegistry using default registry
136 silly mapToRegistry registry https://registry.npmjs.org/
137 silly mapToRegistry data Result {
137 silly mapToRegistry   raw: 'utf8',
137 silly mapToRegistry   scope: null,
137 silly mapToRegistry   escapedName: 'utf8',
137 silly mapToRegistry   name: 'utf8',
137 silly mapToRegistry   rawSpec: '',
137 silly mapToRegistry   spec: 'latest',
137 silly mapToRegistry   type: 'tag' }
138 silly mapToRegistry uri https://registry.npmjs.org/utf8
139 verbose addNameRange registry:https://registry.npmjs.org/utf8 not in flight; fetching
140 verbose get https://registry.npmjs.org/utf8 not expired, no request
141 silly addNameRange number 2 { name: 'utf8', range: '>=2.1.1 <3.0.0', hasData: true }
142 silly addNameRange versions [ 'utf8', [ '1.0.0', '2.0.0', '2.1.0', '2.1.1', '2.1.2' ] ]
143 silly addNamed utf8@2.1.2
144 verbose addNamed "2.1.2" is a plain semver version for utf8
145 silly cache afterAdd utf8@2.1.2
146 verbose afterAdd C:\Users\user\AppData\Roaming\npm-cache\utf8\2.1.2\package\package.json not in flight; writing
147 verbose correctMkdir C:\Users\user\AppData\Roaming\npm-cache correctMkdir not in flight; initializing
148 http 304 https://registry.npmjs.org/xmlhttprequest
149 verbose headers { date: 'Sun, 26 Nov 2017 18:08:43 GMT',
149 verbose headers   via: '1.1 varnish',
149 verbose headers   'cache-control': 'max-age=300',
149 verbose headers   etag: 'W/"59f5bdfb-30d3"',
149 verbose headers   age: '72',
149 verbose headers   connection: 'keep-alive',
149 verbose headers   'x-served-by': 'cache-sin18023-SIN',
149 verbose headers   'x-cache': 'HIT',
149 verbose headers   'x-cache-hits': '1',
149 verbose headers   'x-timer': 'S1511719724.575353,VS0,VE0',
149 verbose headers   vary: 'Accept-Encoding, Accept' }
150 silly get cb [ 304,
150 silly get   { date: 'Sun, 26 Nov 2017 18:08:43 GMT',
150 silly get     via: '1.1 varnish',
150 silly get     'cache-control': 'max-age=300',
150 silly get     etag: 'W/"59f5bdfb-30d3"',
150 silly get     age: '72',
150 silly get     connection: 'keep-alive',
150 silly get     'x-served-by': 'cache-sin18023-SIN',
150 silly get     'x-cache': 'HIT',
150 silly get     'x-cache-hits': '1',
150 silly get     'x-timer': 'S1511719724.575353,VS0,VE0',
150 silly get     vary: 'Accept-Encoding, Accept' } ]
151 verbose etag https://registry.npmjs.org/xmlhttprequest from cache
152 verbose get saving xmlhttprequest to C:\Users\user\AppData\Roaming\npm-cache\registry.npmjs.org\xmlhttprequest\.cache.json
153 verbose correctMkdir C:\Users\user\AppData\Roaming\npm-cache correctMkdir not in flight; initializing
154 verbose afterAdd C:\Users\user\AppData\Roaming\npm-cache\utf8\2.1.2\package\package.json written
155 silly resolveWithNewModule xmlhttprequest@1.8.0 checking installable status
156 silly cache add args [ 'xmlhttprequest@*', null ]
157 verbose cache add spec xmlhttprequest@*
158 silly cache add parsed spec Result {
158 silly cache add   raw: 'xmlhttprequest@*',
158 silly cache add   scope: null,
158 silly cache add   escapedName: 'xmlhttprequest',
158 silly cache add   name: 'xmlhttprequest',
158 silly cache add   rawSpec: '*',
158 silly cache add   spec: '*',
158 silly cache add   type: 'range' }
159 silly addNamed xmlhttprequest@*
160 verbose addNamed "*" is a valid semver range for xmlhttprequest
161 silly addNameRange { name: 'xmlhttprequest', range: '*', hasData: false }
162 silly mapToRegistry name xmlhttprequest
163 silly mapToRegistry using default registry
164 silly mapToRegistry registry https://registry.npmjs.org/
165 silly mapToRegistry data Result {
165 silly mapToRegistry   raw: 'xmlhttprequest',
165 silly mapToRegistry   scope: null,
165 silly mapToRegistry   escapedName: 'xmlhttprequest',
165 silly mapToRegistry   name: 'xmlhttprequest',
165 silly mapToRegistry   rawSpec: '',
165 silly mapToRegistry   spec: 'latest',
165 silly mapToRegistry   type: 'tag' }
166 silly mapToRegistry uri https://registry.npmjs.org/xmlhttprequest
167 verbose addNameRange registry:https://registry.npmjs.org/xmlhttprequest not in flight; fetching
168 verbose get https://registry.npmjs.org/xmlhttprequest not expired, no request
169 silly addNameRange number 2 { name: 'xmlhttprequest', range: '*', hasData: true }
170 silly addNameRange versions [ 'xmlhttprequest',
170 silly addNameRange   [ '1.0.0',
170 silly addNameRange     '1.2.0',
170 silly addNameRange     '1.2.1',
170 silly addNameRange     '1.2.2',
170 silly addNameRange     '1.3.0',
170 silly addNameRange     '1.4.0',
170 silly addNameRange     '1.4.2',
170 silly addNameRange     '1.5.0',
170 silly addNameRange     '1.6.0',
170 silly addNameRange     '1.7.0',
170 silly addNameRange     '1.8.0' ] ]
171 silly addNamed xmlhttprequest@1.8.0
172 verbose addNamed "1.8.0" is a plain semver version for xmlhttprequest
173 http 304 https://registry.npmjs.org/xhr2
174 verbose headers { date: 'Sun, 26 Nov 2017 18:08:43 GMT',
174 verbose headers   via: '1.1 varnish',
174 verbose headers   'cache-control': 'max-age=300',
174 verbose headers   etag: 'W/"59eb664e-5409"',
174 verbose headers   age: '46',
174 verbose headers   connection: 'keep-alive',
174 verbose headers   'x-served-by': 'cache-sin18021-SIN',
174 verbose headers   'x-cache': 'HIT',
174 verbose headers   'x-cache-hits': '1',
174 verbose headers   'x-timer': 'S1511719724.580514,VS0,VE0',
174 verbose headers   vary: 'Accept-Encoding, Accept' }
175 silly get cb [ 304,
175 silly get   { date: 'Sun, 26 Nov 2017 18:08:43 GMT',
175 silly get     via: '1.1 varnish',
175 silly get     'cache-control': 'max-age=300',
175 silly get     etag: 'W/"59eb664e-5409"',
175 silly get     age: '46',
175 silly get     connection: 'keep-alive',
175 silly get     'x-served-by': 'cache-sin18021-SIN',
175 silly get     'x-cache': 'HIT',
175 silly get     'x-cache-hits': '1',
175 silly get     'x-timer': 'S1511719724.580514,VS0,VE0',
175 silly get     vary: 'Accept-Encoding, Accept' } ]
176 verbose etag https://registry.npmjs.org/xhr2 from cache
177 verbose get saving xhr2 to C:\Users\user\AppData\Roaming\npm-cache\registry.npmjs.org\xhr2\.cache.json
178 verbose correctMkdir C:\Users\user\AppData\Roaming\npm-cache correctMkdir not in flight; initializing
179 silly cache afterAdd xmlhttprequest@1.8.0
180 verbose afterAdd C:\Users\user\AppData\Roaming\npm-cache\xmlhttprequest\1.8.0\package\package.json not in flight; writing
181 verbose correctMkdir C:\Users\user\AppData\Roaming\npm-cache correctMkdir not in flight; initializing
182 silly resolveWithNewModule xhr2@0.1.4 checking installable status
183 silly cache add args [ 'xhr2@*', null ]
184 verbose cache add spec xhr2@*
185 silly cache add parsed spec Result {
185 silly cache add   raw: 'xhr2@*',
185 silly cache add   scope: null,
185 silly cache add   escapedName: 'xhr2',
185 silly cache add   name: 'xhr2',
185 silly cache add   rawSpec: '*',
185 silly cache add   spec: '*',
185 silly cache add   type: 'range' }
186 silly addNamed xhr2@*
187 verbose addNamed "*" is a valid semver range for xhr2
188 silly addNameRange { name: 'xhr2', range: '*', hasData: false }
189 silly mapToRegistry name xhr2
190 silly mapToRegistry using default registry
191 silly mapToRegistry registry https://registry.npmjs.org/
192 silly mapToRegistry data Result {
192 silly mapToRegistry   raw: 'xhr2',
192 silly mapToRegistry   scope: null,
192 silly mapToRegistry   escapedName: 'xhr2',
192 silly mapToRegistry   name: 'xhr2',
192 silly mapToRegistry   rawSpec: '',
192 silly mapToRegistry   spec: 'latest',
192 silly mapToRegistry   type: 'tag' }
193 silly mapToRegistry uri https://registry.npmjs.org/xhr2
194 verbose addNameRange registry:https://registry.npmjs.org/xhr2 not in flight; fetching
195 verbose afterAdd C:\Users\user\AppData\Roaming\npm-cache\xmlhttprequest\1.8.0\package\package.json written
196 verbose get https://registry.npmjs.org/xhr2 not expired, no request
197 silly addNameRange number 2 { name: 'xhr2', range: '*', hasData: true }
198 silly addNameRange versions [ 'xhr2',
198 silly addNameRange   [ '0.0.1',
198 silly addNameRange     '0.0.2',
198 silly addNameRange     '0.0.3',
198 silly addNameRange     '0.0.4',
198 silly addNameRange     '0.0.5',
198 silly addNameRange     '0.0.6',
198 silly addNameRange     '0.0.7',
198 silly addNameRange     '0.1.0',
198 silly addNameRange     '0.1.1',
198 silly addNameRange     '0.1.2',
198 silly addNameRange     '0.1.3',
198 silly addNameRange     '0.1.4' ] ]
199 silly addNamed xhr2@0.1.4
200 verbose addNamed "0.1.4" is a plain semver version for xhr2
201 silly cache afterAdd xhr2@0.1.4
202 verbose afterAdd C:\Users\user\AppData\Roaming\npm-cache\xhr2\0.1.4\package\package.json not in flight; writing
203 verbose correctMkdir C:\Users\user\AppData\Roaming\npm-cache correctMkdir not in flight; initializing
204 verbose afterAdd C:\Users\user\AppData\Roaming\npm-cache\xhr2\0.1.4\package\package.json written
205 http 304 https://registry.npmjs.org/crypto-js
206 verbose headers { date: 'Sun, 26 Nov 2017 18:08:43 GMT',
206 verbose headers   via: '1.1 varnish',
206 verbose headers   'cache-control': 'max-age=300',
206 verbose headers   etag: 'W/"5a0fff8a-5699"',
206 verbose headers   age: '22',
206 verbose headers   connection: 'keep-alive',
206 verbose headers   'x-served-by': 'cache-sin18022-SIN',
206 verbose headers   'x-cache': 'HIT',
206 verbose headers   'x-cache-hits': '1',
206 verbose headers   'x-timer': 'S1511719724.623937,VS0,VE0',
206 verbose headers   vary: 'Accept-Encoding, Accept' }
207 silly get cb [ 304,
207 silly get   { date: 'Sun, 26 Nov 2017 18:08:43 GMT',
207 silly get     via: '1.1 varnish',
207 silly get     'cache-control': 'max-age=300',
207 silly get     etag: 'W/"5a0fff8a-5699"',
207 silly get     age: '22',
207 silly get     connection: 'keep-alive',
207 silly get     'x-served-by': 'cache-sin18022-SIN',
207 silly get     'x-cache': 'HIT',
207 silly get     'x-cache-hits': '1',
207 silly get     'x-timer': 'S1511719724.623937,VS0,VE0',
207 silly get     vary: 'Accept-Encoding, Accept' } ]
208 verbose etag https://registry.npmjs.org/crypto-js from cache
209 verbose get saving crypto-js to C:\Users\user\AppData\Roaming\npm-cache\registry.npmjs.org\crypto-js\.cache.json
210 verbose correctMkdir C:\Users\user\AppData\Roaming\npm-cache correctMkdir not in flight; initializing
211 silly resolveWithNewModule crypto-js@3.1.8 checking installable status
212 silly cache add args [ 'crypto-js@^3.1.4', null ]
213 verbose cache add spec crypto-js@^3.1.4
214 silly cache add parsed spec Result {
214 silly cache add   raw: 'crypto-js@^3.1.4',
214 silly cache add   scope: null,
214 silly cache add   escapedName: 'crypto-js',
214 silly cache add   name: 'crypto-js',
214 silly cache add   rawSpec: '^3.1.4',
214 silly cache add   spec: '>=3.1.4 <4.0.0',
214 silly cache add   type: 'range' }
215 silly addNamed crypto-js@>=3.1.4 <4.0.0
216 verbose addNamed ">=3.1.4 <4.0.0" is a valid semver range for crypto-js
217 silly addNameRange { name: 'crypto-js', range: '>=3.1.4 <4.0.0', hasData: false }
218 silly mapToRegistry name crypto-js
219 silly mapToRegistry using default registry
220 silly mapToRegistry registry https://registry.npmjs.org/
221 silly mapToRegistry data Result {
221 silly mapToRegistry   raw: 'crypto-js',
221 silly mapToRegistry   scope: null,
221 silly mapToRegistry   escapedName: 'crypto-js',
221 silly mapToRegistry   name: 'crypto-js',
221 silly mapToRegistry   rawSpec: '',
221 silly mapToRegistry   spec: 'latest',
221 silly mapToRegistry   type: 'tag' }
222 silly mapToRegistry uri https://registry.npmjs.org/crypto-js
223 verbose addNameRange registry:https://registry.npmjs.org/crypto-js not in flight; fetching
224 verbose get https://registry.npmjs.org/crypto-js not expired, no request
225 silly addNameRange number 2 { name: 'crypto-js', range: '>=3.1.4 <4.0.0', hasData: true }
226 silly addNameRange versions [ 'crypto-js',
226 silly addNameRange   [ '3.1.2',
226 silly addNameRange     '3.1.2-1',
226 silly addNameRange     '3.1.2-2',
226 silly addNameRange     '3.1.2-3',
226 silly addNameRange     '3.1.2-4',
226 silly addNameRange     '3.1.2-5',
226 silly addNameRange     '3.1.2-6',
226 silly addNameRange     '3.1.4',
226 silly addNameRange     '3.1.5',
226 silly addNameRange     '3.1.6',
226 silly addNameRange     '3.1.7',
226 silly addNameRange     '3.1.8',
226 silly addNameRange     '3.1.9-1' ] ]
227 silly addNamed crypto-js@3.1.8
228 verbose addNamed "3.1.8" is a plain semver version for crypto-js
229 silly cache afterAdd crypto-js@3.1.8
230 verbose afterAdd C:\Users\user\AppData\Roaming\npm-cache\crypto-js\3.1.8\package\package.json not in flight; writing
231 verbose correctMkdir C:\Users\user\AppData\Roaming\npm-cache correctMkdir not in flight; initializing
232 verbose afterAdd C:\Users\user\AppData\Roaming\npm-cache\crypto-js\3.1.8\package\package.json written
233 silly rollbackFailedOptional Starting
234 silly rollbackFailedOptional Finishing
235 silly runTopLevelLifecycles Finishing
236 silly install printInstalled
237 verbose stack Error: not found: git
237 verbose stack     at getNotFoundError (C:\Program Files\nodejs\node_modules\npm\node_modules\which\which.js:14:12)
237 verbose stack     at F (C:\Program Files\nodejs\node_modules\npm\node_modules\which\which.js:69:19)
237 verbose stack     at E (C:\Program Files\nodejs\node_modules\npm\node_modules\which\which.js:81:29)
237 verbose stack     at C:\Program Files\nodejs\node_modules\npm\node_modules\which\which.js:90:16
237 verbose stack     at C:\Program Files\nodejs\node_modules\npm\node_modules\which\node_modules\isexe\index.js:44:5
237 verbose stack     at C:\Program Files\nodejs\node_modules\npm\node_modules\which\node_modules\isexe\windows.js:29:5
237 verbose stack     at C:\Program Files\nodejs\node_modules\npm\node_modules\graceful-fs\polyfills.js:264:29
237 verbose stack     at FSReqWrap.oncomplete (fs.js:111:15)
238 verbose cwd F:\ethereum\projects\voting
239 error Windows_NT 6.3.9600
240 error argv "C:\\Program Files\\nodejs\\node.exe" "C:\\Program Files\\nodejs\\node_modules\\npm\\bin\\npm-cli.js" "install" "web3@0.20.1"
241 error node v7.1.0
242 error npm  v3.10.9
243 error code ENOGIT
244 error not found: git
245 error Failed using git.
245 error This is most likely not a problem with npm itself.
245 error Please check if you have git installed and in your PATH.
246 verbose exit [ 1, true ]
